#
# A fatal error has been detected by the Java Runtime Environment:
#
#  SIGSEGV (0xb) at pc=0x00000001219c75dd, pid=23543, tid=1811
#
# JRE version: Java(TM) SE Runtime Environment (8.0_40-b27) (build 1.8.0_40-b27)
# Java VM: Java HotSpot(TM) 64-Bit Server VM (25.40-b25 mixed mode bsd-amd64 compressed oops)
# Problematic frame:
# C  [libglass.dylib+0x155dd]  GlassScreenDidChangeScreenParameters+0x9d
#
# Failed to write core dump. Core dumps have been disabled. To enable core dumping, try "ulimit -c unlimited" before starting Java again
#
# If you would like to submit a bug report, please visit:
#   http://bugreport.sun.com/bugreport/
#

---------------  T H R E A D  ---------------

Current thread is native thread

siginfo: si_signo: 11 (SIGSEGV), si_code: 1 (SEGV_MAPERR), si_addr: 0x0000000000000000

Registers:
RAX=0x00000001219f9bc0, RBX=0x0000000000000000, RCX=0x110068b612ecfe30, RDX=0x00007fe198c47c08
RSP=0x00007fff57cbfbb0, RBP=0x00007fff57cbfbc0, RSI=0x00007fe198c0a850, RDI=0x0000000000000000
R8 =0x00007fff57cbfa60, R9 =0x00007fff73e89300, R10=0x0000000000000000, R11=0x0000000000000246
R12=0x00007fe198f19650, R13=0x00000000000f426a, R14=0x00007fe198c47b10, R15=0x00007fff57cbfd00
RIP=0x00000001219c75dd, EFLAGS=0x0000000000010202, ERR=0x0000000000000004
  TRAPNO=0x000000000000000e

Top of Stack: (sp=0x00007fff57cbfbb0)
0x00007fff57cbfbb0:   00007fff57cbfd90 00007fe198c47b10
0x00007fff57cbfbc0:   00007fff57cbfbd0 00007fff8998b45c
0x00007fff57cbfbd0:   00007fff57cbff30 00007fff8987b634
0x00007fff57cbfbe0:   00007fff57cbfc30 0000000000003c00
0x00007fff57cbfbf0:   00007fff73680ed0 00007fe19b01fee0
0x00007fff57cbfc00:   0000000000001006 00000000000008e8
0x00007fff57cbfc10:   00007fe19b01fee0 00007fe198c47b10
0x00007fff57cbfc20:   0000000000000000 00007fff57cbfd00
0x00007fff57cbfc30:   0000000000000000 00007fe198c47ad0
0x00007fff57cbfc40:   00007fff57cbfd80 000000000000005f
0x00007fff57cbfc50:   00000000000f431a 00007fe19b14e690
0x00007fff57cbfc60:   00007fe198e59b00 00007fe198f19650
0x00007fff57cbfc70:   0000000000000001 00000000000f426a
0x00007fff57cbfc80:   00007fe198f19640 00007fff8716cacb
0x00007fff57cbfc90:   0000000000000001 0000000000000001
0x00007fff57cbfca0:   0000000000000030 0000000000000001
0x00007fff57cbfcb0:   00007fff57cbfcd0 00007fff87172231
0x00007fff57cbfcc0:   00007fff7367efb0 0000000000000000
0x00007fff57cbfcd0:   00007fff57cbfcf0 000000000000000f
0x00007fff57cbfce0:   0003930300200000 00007fe198f19674
0x00007fff57cbfcf0:   0000000000000000 00007fff8987110f
0x00007fff57cbfd00:   00007fe198c47b10 00007fff7367efb0
0x00007fff57cbfd10:   00007fff57cbfd90 00007fff89879c3f
0x00007fff57cbfd20:   0000000000000000 0000000000000000
0x00007fff57cbfd30:   0000000107f59a00 0000000000000002
0x00007fff57cbfd40:   0000000107f56000 00007fe19b152b82
0x00007fff57cbfd50:   0000000000000003 0000000107f5d600
0x00007fff57cbfd60:   00007fff57cbfe50 00007fff8716b2a2
0x00007fff57cbfd70:   00007fe198c2fb60 00007fff57cbff38
0x00007fff57cbfd80:   0000000000000017 0000000000000000
0x00007fff57cbfd90:   00000000000f426a 00007fff89871403
0x00007fff57cbfda0:   00007fff00000000 00007fe198e5b000 

Instructions: (pc=0x00000001219c75dd)
0x00000001219c75bd:   89 df 4c 89 f1 41 ff 90 68 04 00 00 48 8d 05 f8
0x00000001219c75cd:   24 03 00 48 8b 30 48 8d 05 e6 25 03 00 48 8b 10
0x00000001219c75dd:   48 8b 0b 30 c0 48 89 df ff 91 68 04 00 00 48 8b
0x00000001219c75ed:   03 48 89 df ff 50 78 48 85 c0 74 36 49 89 c6 48 

Register to memory mapping:

RAX=0x00000001219f9bc0: jScreenNotifySettingsChanged+0 in /Library/Java/JavaVirtualMachines/jdk1.8.0_40.jdk/Contents/Home/jre/lib/libglass.dylib at 0x00000001219b2000
RBX=0x0000000000000000 is an unknown value
RCX=0x110068b612ecfe30 is an unknown value
RDX=0x00007fe198c47c08 is an unknown value
RSP=0x00007fff57cbfbb0 is an unknown value
RBP=0x00007fff57cbfbc0 is an unknown value
RSI=0x00007fe198c0a850 is a global jni handle
RDI=0x0000000000000000 is an unknown value
R8 =0x00007fff57cbfa60 is an unknown value
R9 =0x00007fff73e89300: _thread+0 in /usr/lib/system/libsystem_pthread.dylib at 0x00007fff8c947000
R10=0x0000000000000000 is an unknown value
R11=0x0000000000000246 is an unknown value
R12=0x00007fe198f19650 is an unknown value
R13=0x00000000000f426a is an unknown value
R14=0x00007fe198c47b10 is an unknown value
R15=0x00007fff57cbfd00 is an unknown value


Stack: [0x00007fff574c5000,0x00007fff57cc5000],  sp=0x00007fff57cbfbb0,  free space=8170k
Native frames: (J=compiled Java code, j=interpreted, Vv=VM code, C=native code)
C  [libglass.dylib+0x155dd]  GlassScreenDidChangeScreenParameters+0x9d
C  [CoreFoundation+0x12045c]  __CFNOTIFICATIONCENTER_IS_CALLING_OUT_TO_AN_OBSERVER__+0xc
C  [CoreFoundation+0x10634]  _CFXNotificationPost+0xc44
C  [Foundation+0x79d1]  -[NSNotificationCenter postNotificationName:object:userInfo:]+0x42
C  [AppKit+0x40df7e]  -[NSApplication _reactToScreenInvalidationImmediately:]+0x17b
C  [AppKit+0x40ddc7]  __44-[NSApplication _reactToScreenInvalidation:]_block_invoke+0x4b
C  [CoreFoundation+0x808ec]  __CFRUNLOOP_IS_CALLING_OUT_TO_A_BLOCK__+0xc
C  [CoreFoundation+0x729f5]  __CFRunLoopDoBlocks+0x155
C  [CoreFoundation+0x72536]  __CFRunLoopRun+0x716
C  [CoreFoundation+0x71bd8]  CFRunLoopRunSpecific+0x128
C  [java+0x6490]  CreateExecutionEnvironment+0x367
C  [java+0x221c]  JLI_Launch+0x7a0
C  [java+0x84ed]  main+0x65
C  [java+0x1a74]  start+0x34


---------------  P R O C E S S  ---------------

VM state:not at safepoint (normal execution)

VM Mutex/Monitor currently owned by a thread: None

Heap:
 par new generation   total 314560K, used 268442K [0x0000000780000000, 0x0000000795550000, 0x0000000795550000)
  eden space 279616K,  96% used [0x0000000780000000, 0x0000000790626b50, 0x0000000791110000)
  from space 34944K,   0% used [0x0000000791110000, 0x0000000791110000, 0x0000000793330000)
  to   space 34944K,   0% used [0x0000000793330000, 0x0000000793330000, 0x0000000795550000)
 concurrent mark-sweep generation total 699072K, used 0K [0x0000000795550000, 0x00000007c0000000, 0x00000007c0000000)
 Metaspace       used 34904K, capacity 35703K, committed 35836K, reserved 1081344K
  class space    used 4315K, capacity 4551K, committed 4604K, reserved 1048576K

Card table byte_map: [0x0000000119d41000,0x0000000119f42000] byte_map_base: 0x0000000116141000

Marking Bits: (CMSBitMap*) 0x00007fe19b861b48
 Bits: [0x000000011a898000, 0x000000011b342c00)

Mod Union Table: (CMSBitMap*) 0x00007fe19b861c08
 Bits: [0x00000001081ab000, 0x00000001081d5ab0)

Polling page: 0x0000000108197000

CodeCache: size=245760Kb used=7357Kb max_used=7505Kb free=238402Kb
 bounds [0x000000010a169000, 0x000000010a8d9000, 0x0000000119169000]
 total_blobs=3271 nmethods=2413 adapters=771
 compilation: enabled

Compilation events (10 events):
Event: 104.359 Thread 0x00007fe19900b800 nmethod 2679 0x000000010a50e110 code [0x000000010a50e3a0, 0x000000010a50f7b0]
Event: 104.366 Thread 0x00007fe19a84a000 nmethod 2680 0x000000010a642e10 code [0x000000010a6430a0, 0x000000010a6444b0]
Event: 106.872 Thread 0x00007fe19b887000 2684   !   3       com.gemstone.gemfire.internal.HostStatSampler::sampleSpecialStats (119 bytes)
Event: 106.874 Thread 0x00007fe19b887000 nmethod 2684 0x000000010a317490 code [0x000000010a317700, 0x000000010a318b68]
Event: 110.834 Thread 0x00007fe19b867000 2685       4       com.gemstone.gemfire.internal.InternalDataSerializer::basicReadObject (1064 bytes)
Event: 110.847 Thread 0x00007fe19b867000 nmethod 2685 0x000000010a45d310 code [0x000000010a45dbc0, 0x000000010a45eb60]
Event: 110.872 Thread 0x00007fe19b887000 2686       3       java.net.URI$Parser::at (20 bytes)
Event: 110.873 Thread 0x00007fe19b887000 nmethod 2686 0x000000010a306890 code [0x000000010a306a20, 0x000000010a306e68]
Event: 110.883 Thread 0x00007fe19900b800 2687       4       java.util.concurrent.locks.ReentrantLock::lock (8 bytes)
Event: 110.885 Thread 0x00007fe19900b800 nmethod 2687 0x000000010a389190 code [0x000000010a389300, 0x000000010a3894c8]

GC Heap History (0 events):
No events

Deoptimization events (10 events):
Event: 104.325 Thread 0x00007fe199099000 Uncommon trap: reason=unstable_if action=reinterpret pc=0x000000010a350330 method=java.util.concurrent.locks.ReentrantLock$NonfairSync.lock()V @ 6
Event: 104.325 Thread 0x00007fe199099000 Uncommon trap: reason=unstable_if action=reinterpret pc=0x000000010a37f638 method=java.util.concurrent.locks.ReentrantLock$Sync.nonfairTryAcquire(I)Z @ 10
Event: 104.326 Thread 0x00007fe199099000 Uncommon trap: reason=unstable_if action=reinterpret pc=0x000000010a486428 method=java.util.concurrent.locks.ReentrantLock$Sync.tryRelease(I)Z @ 28
Event: 104.326 Thread 0x00007fe19a049000 Uncommon trap: reason=unstable_if action=reinterpret pc=0x000000010a54baa4 method=java.util.concurrent.locks.AbstractQueuedSynchronizer$ConditionObject.checkInterruptWhileWaiting(Ljava/util/concurrent/locks/AbstractQueuedSynchronizer$Node;)I @ 3
Event: 104.342 Thread 0x00007fe1a0849800 Uncommon trap: reason=unstable_if action=reinterpret pc=0x000000010a2e85a4 method=java.util.concurrent.locks.ReentrantLock$Sync.tryRelease(I)Z @ 28
Event: 104.342 Thread 0x00007fe1a0849800 Uncommon trap: reason=unstable_if action=reinterpret pc=0x000000010a4430e4 method=java.util.concurrent.locks.ReentrantLock$Sync.tryRelease(I)Z @ 28
Event: 104.353 Thread 0x00007fe1a0849800 Uncommon trap: reason=unstable_if action=reinterpret pc=0x000000010a6791bc method=com.gemstone.gemfire.internal.cache.GemFireCacheImpl$Stopper.cancelInProgress()Ljava/lang/String; @ 48
Event: 104.360 Thread 0x00007fe1a0849800 Uncommon trap: reason=class_check action=maybe_recompile pc=0x000000010a675a48 method=java.lang.Throwable.<init>(Ljava/lang/String;)V @ 24
Event: 104.360 Thread 0x00007fe1a0849800 Uncommon trap: reason=unstable_if action=reinterpret pc=0x000000010a385d24 method=java.util.concurrent.locks.ReentrantLock$Sync.nonfairTryAcquire(I)Z @ 10
Event: 104.361 Thread 0x00007fe19bbe3800 Uncommon trap: reason=unstable_if action=reinterpret pc=0x000000010a599778 method=java.util.concurrent.SynchronousQueue$TransferStack.awaitFulfill(Ljava/util/concurrent/SynchronousQueue$TransferStack$SNode;ZJ)Ljava/util/concurrent/SynchronousQueue$Transfe

Internal exceptions (10 events):
Event: 1.705 Thread 0x00007fe199099000 Implicit null exception at 0x000000010a4ae436 to 0x000000010a4afcc9
Event: 7.208 Thread 0x00007fe199099000 Exception <a 'java/lang/NullPointerException'> (0x000000078ac918f0) thrown at [/Users/java_re/workspace/8-2-build-macosx-x86_64/jdk8u40/3153/hotspot/src/share/vm/interpreter/linkResolver.cpp, line 1178]
Event: 7.208 Thread 0x00007fe199099000 Exception <a 'java/lang/NullPointerException'> (0x000000078ac918f0) thrown at [/Users/java_re/workspace/8-2-build-macosx-x86_64/jdk8u40/3153/hotspot/src/share/vm/prims/jvm.cpp, line 1386]
Event: 7.481 Thread 0x00007fe199099000 Implicit null exception at 0x000000010a6db135 to 0x000000010a6db331
Event: 41.826 Thread 0x00007fe19bbe3800 Exception <a 'java/net/ConnectException'> (0x0000000789a4c5c8) thrown at [/Users/java_re/workspace/8-2-build-macosx-x86_64/jdk8u40/3153/hotspot/src/share/vm/prims/jni.cpp, line 709]
Event: 51.866 Thread 0x00007fe19bbe3800 Exception <a 'java/net/SocketTimeoutException': Read timed out> (0x0000000789a61d50) thrown at [/Users/java_re/workspace/8-2-build-macosx-x86_64/jdk8u40/3153/hotspot/src/share/vm/prims/jni.cpp, line 735]
Event: 51.869 Thread 0x00007fe199274000 Exception <a 'java/net/SocketException': Socket closed> (0x000000078a5756b8) thrown at [/Users/java_re/workspace/8-2-build-macosx-x86_64/jdk8u40/3153/hotspot/src/share/vm/prims/jni.cpp, line 735]
Event: 110.833 Thread 0x00007fe19b8f4000 Exception <a 'java/net/SocketTimeoutException': connect timed out> (0x000000078da79568) thrown at [/Users/java_re/workspace/8-2-build-macosx-x86_64/jdk8u40/3153/hotspot/src/share/vm/prims/jni.cpp, line 735]
Event: 110.871 Thread 0x00007fe19a033800 Exception <a 'java/net/SocketTimeoutException': connect timed out> (0x000000078e564488) thrown at [/Users/java_re/workspace/8-2-build-macosx-x86_64/jdk8u40/3153/hotspot/src/share/vm/prims/jni.cpp, line 735]
Event: 110.872 Thread 0x00007fe19928d800 Exception <a 'java/net/SocketTimeoutException': connect timed out> (0x000000078dfeca50) thrown at [/Users/java_re/workspace/8-2-build-macosx-x86_64/jdk8u40/3153/hotspot/src/share/vm/prims/jni.cpp, line 735]

Events (10 events):
Event: 104.361 Thread 0x00007fe19bbe3800 Thread exited: 0x00007fe19bbe3800
Event: 108.077 loading class sun/misc/Signal$1
Event: 108.077 loading class sun/misc/Signal$1 done
Event: 108.077 Thread 0x00007fe19baae800 Thread added: 0x00007fe19baae800
Event: 108.079 Thread 0x00007fe19d85e800 Thread added: 0x00007fe19d85e800
Event: 110.834 Executing VM operation: RevokeBias
Event: 110.834 Executing VM operation: RevokeBias done
Event: 110.834 Thread 0x00007fe19b8f4000 Thread exited: 0x00007fe19b8f4000
Event: 111.748 Thread 0x00007fe19abb4800 Thread exited: 0x00007fe19abb4800
Event: 111.748 Thread 0x00007fe19ac15800 Thread exited: 0x00007fe19ac15800


Dynamic libraries:
0x0000000002430000 	/System/Library/Frameworks/Cocoa.framework/Versions/A/Cocoa
0x0000000002430000 	/System/Library/Frameworks/Security.framework/Versions/A/Security
0x0000000002430000 	/System/Library/Frameworks/ApplicationServices.framework/Versions/A/ApplicationServices
0x0000000002430000 	/usr/lib/libz.1.dylib
0x0000000002430000 	/usr/lib/libSystem.B.dylib
0x0000000002430000 	/usr/lib/libobjc.A.dylib
0x0000000002430000 	/System/Library/Frameworks/CoreFoundation.framework/Versions/A/CoreFoundation
0x0000000002430000 	/System/Library/Frameworks/Foundation.framework/Versions/C/Foundation
0x0000000002430000 	/System/Library/Frameworks/AppKit.framework/Versions/C/AppKit
0x0000000002430000 	/System/Library/Frameworks/CoreData.framework/Versions/A/CoreData
0x0000000002430000 	/System/Library/PrivateFrameworks/RemoteViewServices.framework/Versions/A/RemoteViewServices
0x0000000002430000 	/System/Library/PrivateFrameworks/UIFoundation.framework/Versions/A/UIFoundation
0x0000000002430000 	/System/Library/Frameworks/IOSurface.framework/Versions/A/IOSurface
0x0000000002430000 	/System/Library/Frameworks/AudioToolbox.framework/Versions/A/AudioToolbox
0x0000000002430000 	/System/Library/Frameworks/AudioUnit.framework/Versions/A/AudioUnit
0x0000000002430000 	/System/Library/PrivateFrameworks/DataDetectorsCore.framework/Versions/A/DataDetectorsCore
0x0000000002430000 	/System/Library/PrivateFrameworks/DesktopServicesPriv.framework/Versions/A/DesktopServicesPriv
0x0000000002430000 	/System/Library/Frameworks/Carbon.framework/Versions/A/Frameworks/HIToolbox.framework/Versions/A/HIToolbox
0x0000000002430000 	/System/Library/Frameworks/QuartzCore.framework/Versions/A/QuartzCore
0x0000000002430000 	/System/Library/Frameworks/Carbon.framework/Versions/A/Frameworks/SpeechRecognition.framework/Versions/A/SpeechRecognition
0x0000000002430000 	/usr/lib/libauto.dylib
0x0000000002430000 	/usr/lib/libicucore.A.dylib
0x0000000002430000 	/usr/lib/libxml2.2.dylib
0x0000000002430000 	/System/Library/PrivateFrameworks/CoreUI.framework/Versions/A/CoreUI
0x0000000002430000 	/System/Library/Frameworks/CoreAudio.framework/Versions/A/CoreAudio
0x0000000002430000 	/System/Library/Frameworks/DiskArbitration.framework/Versions/A/DiskArbitration
0x0000000002430000 	/usr/lib/liblangid.dylib
0x0000000002430000 	/System/Library/PrivateFrameworks/MultitouchSupport.framework/Versions/A/MultitouchSupport
0x0000000002430000 	/System/Library/Frameworks/IOKit.framework/Versions/A/IOKit
0x0000000002430000 	/usr/lib/libDiagnosticMessagesClient.dylib
0x0000000002430000 	/System/Library/Frameworks/CoreServices.framework/Versions/A/CoreServices
0x0000000002430000 	/System/Library/PrivateFrameworks/PerformanceAnalysis.framework/Versions/A/PerformanceAnalysis
0x0000000002430000 	/System/Library/PrivateFrameworks/GenerationalStorage.framework/Versions/A/GenerationalStorage
0x0000000002430000 	/System/Library/Frameworks/OpenGL.framework/Versions/A/OpenGL
0x0000000002430000 	/System/Library/PrivateFrameworks/Sharing.framework/Versions/A/Sharing
0x0000000002430000 	/System/Library/Frameworks/CoreGraphics.framework/Versions/A/CoreGraphics
0x0000000002430000 	/System/Library/Frameworks/CoreText.framework/Versions/A/CoreText
0x0000000002430000 	/System/Library/Frameworks/ImageIO.framework/Versions/A/ImageIO
0x0000000002430000 	/usr/lib/libextension.dylib
0x0000000002430000 	/System/Library/PrivateFrameworks/Backup.framework/Versions/A/Backup
0x0000000002430000 	/usr/lib/libarchive.2.dylib
0x0000000002430000 	/System/Library/Frameworks/CFNetwork.framework/Versions/A/CFNetwork
0x0000000002430000 	/System/Library/Frameworks/SystemConfiguration.framework/Versions/A/SystemConfiguration
0x0000000002430000 	/usr/lib/libCRFSuite.dylib
0x0000000002430000 	/usr/lib/libc++.1.dylib
0x0000000002430000 	/usr/lib/libc++abi.dylib
0x0000000002430000 	/usr/lib/system/libcache.dylib
0x0000000002430000 	/usr/lib/system/libcommonCrypto.dylib
0x0000000002430000 	/usr/lib/system/libcompiler_rt.dylib
0x0000000002430000 	/usr/lib/system/libcopyfile.dylib
0x0000000002430000 	/usr/lib/system/libcorecrypto.dylib
0x0000000002430000 	/usr/lib/system/libdispatch.dylib
0x0000000002430000 	/usr/lib/system/libdyld.dylib
0x0000000002430000 	/usr/lib/system/libkeymgr.dylib
0x0000000002430000 	/usr/lib/system/liblaunch.dylib
0x0000000002430000 	/usr/lib/system/libmacho.dylib
0x0000000002430000 	/usr/lib/system/libquarantine.dylib
0x0000000002430000 	/usr/lib/system/libremovefile.dylib
0x0000000002430000 	/usr/lib/system/libsystem_asl.dylib
0x0000000002430000 	/usr/lib/system/libsystem_blocks.dylib
0x0000000002430000 	/usr/lib/system/libsystem_c.dylib
0x0000000002430000 	/usr/lib/system/libsystem_configuration.dylib
0x0000000002430000 	/usr/lib/system/libsystem_coreservices.dylib
0x0000000002430000 	/usr/lib/system/libsystem_coretls.dylib
0x0000000002430000 	/usr/lib/system/libsystem_dnssd.dylib
0x0000000002430000 	/usr/lib/system/libsystem_info.dylib
0x0000000002430000 	/usr/lib/system/libsystem_kernel.dylib
0x0000000002430000 	/usr/lib/system/libsystem_m.dylib
0x0000000002430000 	/usr/lib/system/libsystem_malloc.dylib
0x0000000002430000 	/usr/lib/system/libsystem_network.dylib
0x0000000002430000 	/usr/lib/system/libsystem_networkextension.dylib
0x0000000002430000 	/usr/lib/system/libsystem_notify.dylib
0x0000000002430000 	/usr/lib/system/libsystem_platform.dylib
0x0000000002430000 	/usr/lib/system/libsystem_pthread.dylib
0x0000000002430000 	/usr/lib/system/libsystem_sandbox.dylib
0x0000000002430000 	/usr/lib/system/libsystem_secinit.dylib
0x0000000002430000 	/usr/lib/system/libsystem_stats.dylib
0x0000000002430000 	/usr/lib/system/libsystem_trace.dylib
0x0000000002430000 	/usr/lib/system/libunc.dylib
0x0000000002430000 	/usr/lib/system/libunwind.dylib
0x0000000002430000 	/usr/lib/system/libxpc.dylib
0x0000000002430000 	/usr/lib/libbz2.1.0.dylib
0x0000000002430000 	/usr/lib/liblzma.5.dylib
0x0000000002430000 	/usr/lib/libbsm.0.dylib
0x0000000002430000 	/usr/lib/libsqlite3.dylib
0x0000000002430000 	/usr/lib/system/libkxld.dylib
0x0000000002430000 	/usr/lib/libxar.1.dylib
0x0000000002430000 	/usr/lib/libpam.2.dylib
0x0000000002430000 	/usr/lib/libOpenScriptingUtil.dylib
0x0000000002430000 	/System/Library/Frameworks/CoreServices.framework/Versions/A/Frameworks/FSEvents.framework/Versions/A/FSEvents
0x0000000002430000 	/System/Library/Frameworks/CoreServices.framework/Versions/A/Frameworks/CarbonCore.framework/Versions/A/CarbonCore
0x0000000002430000 	/System/Library/Frameworks/CoreServices.framework/Versions/A/Frameworks/Metadata.framework/Versions/A/Metadata
0x0000000002430000 	/System/Library/Frameworks/CoreServices.framework/Versions/A/Frameworks/OSServices.framework/Versions/A/OSServices
0x0000000002430000 	/System/Library/Frameworks/CoreServices.framework/Versions/A/Frameworks/SearchKit.framework/Versions/A/SearchKit
0x0000000002430000 	/System/Library/Frameworks/CoreServices.framework/Versions/A/Frameworks/AE.framework/Versions/A/AE
0x0000000002430000 	/System/Library/Frameworks/CoreServices.framework/Versions/A/Frameworks/LaunchServices.framework/Versions/A/LaunchServices
0x0000000002430000 	/System/Library/Frameworks/CoreServices.framework/Versions/A/Frameworks/DictionaryServices.framework/Versions/A/DictionaryServices
0x0000000002430000 	/System/Library/Frameworks/NetFS.framework/Versions/A/NetFS
0x0000000002430000 	/System/Library/PrivateFrameworks/NetAuth.framework/Versions/A/NetAuth
0x0000000002430000 	/System/Library/PrivateFrameworks/login.framework/Versions/A/Frameworks/loginsupport.framework/Versions/A/loginsupport
0x0000000002430000 	/System/Library/PrivateFrameworks/TCC.framework/Versions/A/TCC
0x0000000002430000 	/usr/lib/libmecabra.dylib
0x0000000002430000 	/System/Library/Frameworks/ApplicationServices.framework/Versions/A/Frameworks/ATS.framework/Versions/A/ATS
0x0000000002430000 	/System/Library/Frameworks/ApplicationServices.framework/Versions/A/Frameworks/ColorSync.framework/Versions/A/ColorSync
0x0000000002430000 	/System/Library/Frameworks/ApplicationServices.framework/Versions/A/Frameworks/HIServices.framework/Versions/A/HIServices
0x0000000002430000 	/System/Library/Frameworks/ApplicationServices.framework/Versions/A/Frameworks/LangAnalysis.framework/Versions/A/LangAnalysis
0x0000000002430000 	/System/Library/Frameworks/ApplicationServices.framework/Versions/A/Frameworks/PrintCore.framework/Versions/A/PrintCore
0x0000000002430000 	/System/Library/Frameworks/ApplicationServices.framework/Versions/A/Frameworks/QD.framework/Versions/A/QD
0x0000000002430000 	/System/Library/Frameworks/ApplicationServices.framework/Versions/A/Frameworks/SpeechSynthesis.framework/Versions/A/SpeechSynthesis
0x0000000002430000 	/System/Library/Frameworks/Accelerate.framework/Versions/A/Accelerate
0x0000000002430000 	/System/Library/Frameworks/Accelerate.framework/Versions/A/Frameworks/vImage.framework/Versions/A/vImage
0x0000000002430000 	/System/Library/Frameworks/Accelerate.framework/Versions/A/Frameworks/vecLib.framework/Versions/A/vecLib
0x0000000002430000 	/System/Library/Frameworks/Accelerate.framework/Versions/A/Frameworks/vecLib.framework/Versions/A/libvDSP.dylib
0x0000000002430000 	/System/Library/Frameworks/Accelerate.framework/Versions/A/Frameworks/vecLib.framework/Versions/A/libvMisc.dylib
0x0000000002430000 	/System/Library/Frameworks/Accelerate.framework/Versions/A/Frameworks/vecLib.framework/Versions/A/libLAPACK.dylib
0x0000000002430000 	/System/Library/Frameworks/Accelerate.framework/Versions/A/Frameworks/vecLib.framework/Versions/A/libBLAS.dylib
0x0000000002430000 	/System/Library/Frameworks/Accelerate.framework/Versions/A/Frameworks/vecLib.framework/Versions/A/libLinearAlgebra.dylib
0x0000000002430000 	/System/Library/Frameworks/ApplicationServices.framework/Versions/A/Frameworks/ATS.framework/Versions/A/Resources/libFontParser.dylib
0x0000000002430000 	/System/Library/Frameworks/ApplicationServices.framework/Versions/A/Frameworks/ATS.framework/Versions/A/Resources/libFontRegistry.dylib
0x0000000002430000 	/System/Library/PrivateFrameworks/AppleVPA.framework/Versions/A/AppleVPA
0x0000000002430000 	/System/Library/PrivateFrameworks/AppleJPEG.framework/Versions/A/AppleJPEG
0x0000000002430000 	/System/Library/Frameworks/ImageIO.framework/Versions/A/Resources/libJPEG.dylib
0x0000000002430000 	/System/Library/Frameworks/ImageIO.framework/Versions/A/Resources/libTIFF.dylib
0x0000000002430000 	/System/Library/Frameworks/ImageIO.framework/Versions/A/Resources/libPng.dylib
0x0000000002430000 	/System/Library/Frameworks/ImageIO.framework/Versions/A/Resources/libGIF.dylib
0x0000000002430000 	/System/Library/Frameworks/ImageIO.framework/Versions/A/Resources/libJP2.dylib
0x0000000002430000 	/System/Library/Frameworks/ImageIO.framework/Versions/A/Resources/libRadiance.dylib
0x0000000002430000 	/System/Library/Frameworks/CoreVideo.framework/Versions/A/CoreVideo
0x0000000002430000 	/System/Library/Frameworks/OpenGL.framework/Versions/A/Libraries/libGLU.dylib
0x0000000002430000 	/System/Library/Frameworks/OpenGL.framework/Versions/A/Libraries/libGFXShared.dylib
0x0000000002430000 	/System/Library/Frameworks/OpenGL.framework/Versions/A/Libraries/libGL.dylib
0x0000000002430000 	/System/Library/Frameworks/OpenGL.framework/Versions/A/Libraries/libGLImage.dylib
0x0000000002430000 	/System/Library/Frameworks/OpenGL.framework/Versions/A/Libraries/libCVMSPluginSupport.dylib
0x0000000002430000 	/System/Library/Frameworks/OpenGL.framework/Versions/A/Libraries/libCoreVMClient.dylib
0x0000000002430000 	/usr/lib/libcups.2.dylib
0x0000000002430000 	/System/Library/Frameworks/Kerberos.framework/Versions/A/Kerberos
0x0000000002430000 	/System/Library/Frameworks/GSS.framework/Versions/A/GSS
0x0000000002430000 	/usr/lib/libresolv.9.dylib
0x0000000002430000 	/usr/lib/libiconv.2.dylib
0x0000000002430000 	/System/Library/PrivateFrameworks/Heimdal.framework/Versions/A/Heimdal
0x0000000002430000 	/usr/lib/libheimdal-asn1.dylib
0x0000000002430000 	/System/Library/Frameworks/OpenDirectory.framework/Versions/A/OpenDirectory
0x0000000002430000 	/System/Library/PrivateFrameworks/CommonAuth.framework/Versions/A/CommonAuth
0x0000000002430000 	/System/Library/Frameworks/OpenDirectory.framework/Versions/A/Frameworks/CFOpenDirectory.framework/Versions/A/CFOpenDirectory
0x0000000002430000 	/System/Library/Frameworks/SecurityFoundation.framework/Versions/A/SecurityFoundation
0x0000000002430000 	/System/Library/PrivateFrameworks/LanguageModeling.framework/Versions/A/LanguageModeling
0x0000000002430000 	/usr/lib/libcmph.dylib
0x0000000002430000 	/System/Library/Frameworks/ServiceManagement.framework/Versions/A/ServiceManagement
0x0000000002430000 	/usr/lib/libxslt.1.dylib
0x0000000002430000 	/System/Library/Frameworks/Carbon.framework/Versions/A/Frameworks/Ink.framework/Versions/A/Ink
0x0000000002430000 	/System/Library/Frameworks/QuartzCore.framework/Versions/A/Frameworks/CoreImage.framework/Versions/A/CoreImage
0x0000000002430000 	/System/Library/PrivateFrameworks/CrashReporterSupport.framework/Versions/A/CrashReporterSupport
0x0000000002430000 	/System/Library/Frameworks/OpenCL.framework/Versions/A/OpenCL
0x0000000002430000 	/System/Library/PrivateFrameworks/FaceCore.framework/Versions/A/FaceCore
0x0000000002430000 	/System/Library/PrivateFrameworks/Ubiquity.framework/Versions/A/Ubiquity
0x0000000002430000 	/System/Library/PrivateFrameworks/IconServices.framework/Versions/A/IconServices
0x0000000002430000 	/System/Library/PrivateFrameworks/ChunkingLibrary.framework/Versions/A/ChunkingLibrary
0x0000000002430000 	/System/Library/PrivateFrameworks/Apple80211.framework/Versions/A/Apple80211
0x0000000002430000 	/System/Library/Frameworks/CoreWLAN.framework/Versions/A/CoreWLAN
0x0000000002430000 	/System/Library/Frameworks/IOBluetooth.framework/Versions/A/IOBluetooth
0x0000000002430000 	/System/Library/PrivateFrameworks/CoreWiFi.framework/Versions/A/CoreWiFi
0x0000000002430000 	/System/Library/Frameworks/CoreBluetooth.framework/Versions/A/CoreBluetooth
0x0000000002430000 	/System/Library/PrivateFrameworks/DebugSymbols.framework/Versions/A/DebugSymbols
0x0000000002430000 	/System/Library/PrivateFrameworks/CoreSymbolication.framework/Versions/A/CoreSymbolication
0x0000000002430000 	/System/Library/PrivateFrameworks/Symbolication.framework/Versions/A/Symbolication
0x0000000002430000 	/System/Library/PrivateFrameworks/SpeechRecognitionCore.framework/Versions/A/SpeechRecognitionCore
0x0000000109200000 	/Library/Java/JavaVirtualMachines/jdk1.8.0_40.jdk/Contents/Home/jre/lib/server/libjvm.dylib
0x0000000002430000 	/usr/lib/libstdc++.6.dylib
0x0000000108154000 	/Library/Java/JavaVirtualMachines/jdk1.8.0_40.jdk/Contents/Home/jre/lib/libverify.dylib
0x0000000108162000 	/Library/Java/JavaVirtualMachines/jdk1.8.0_40.jdk/Contents/Home/jre/lib/libjava.dylib
0x00000001081a1000 	/Library/Java/JavaVirtualMachines/jdk1.8.0_40.jdk/Contents/Home/jre/lib/libzip.dylib
0x000000011edd7000 	/System/Library/Frameworks/JavaVM.framework/Frameworks/JavaRuntimeSupport.framework/JavaRuntimeSupport
0x000000011eded000 	/System/Library/Frameworks/JavaVM.framework/Versions/A/Frameworks/JavaNativeFoundation.framework/Versions/A/JavaNativeFoundation
0x000000011ee01000 	/System/Library/Frameworks/JavaVM.framework/Versions/A/JavaVM
0x0000000002430000 	/System/Library/Frameworks/Carbon.framework/Versions/A/Carbon
0x000000011ee0d000 	/System/Library/PrivateFrameworks/JavaLaunching.framework/Versions/A/JavaLaunching
0x0000000002430000 	/System/Library/Frameworks/Carbon.framework/Versions/A/Frameworks/CommonPanels.framework/Versions/A/CommonPanels
0x0000000002430000 	/System/Library/Frameworks/Carbon.framework/Versions/A/Frameworks/Help.framework/Versions/A/Help
0x0000000002430000 	/System/Library/Frameworks/Carbon.framework/Versions/A/Frameworks/ImageCapture.framework/Versions/A/ImageCapture
0x0000000002430000 	/System/Library/Frameworks/Carbon.framework/Versions/A/Frameworks/OpenScripting.framework/Versions/A/OpenScripting
0x0000000002430000 	/System/Library/Frameworks/Carbon.framework/Versions/A/Frameworks/Print.framework/Versions/A/Print
0x0000000002430000 	/System/Library/Frameworks/Carbon.framework/Versions/A/Frameworks/SecurityHI.framework/Versions/A/SecurityHI
0x0000000121026000 	/Library/Java/JavaVirtualMachines/jdk1.8.0_40.jdk/Contents/Home/jre/lib/libprism_es2.dylib
0x00000001210a4000 	/System/Library/Frameworks/OpenGL.framework/Resources/GLEngine.bundle/GLEngine
0x0000000002430000 	/System/Library/Frameworks/OpenGL.framework/Versions/A/Libraries/libGLProgrammability.dylib
0x0000000000000000 	/System/Library/Extensions/AppleIntelHD5000GraphicsGLDriver.bundle/Contents/MacOS/AppleIntelHD5000GraphicsGLDriver
0x0000000002430000 	/System/Library/PrivateFrameworks/IOAccelerator.framework/Versions/A/IOAccelerator
0x0000000002430000 	/System/Library/PrivateFrameworks/GPUSupport.framework/Versions/A/Libraries/libGPUSupportMercury.dylib
0x0000000000000000 	/System/Library/Extensions/GeForceGLDriver.bundle/Contents/MacOS/GeForceGLDriver
0x0000000002430000 	/System/Library/Extensions/GeForceGLDriver.bundle/Contents/MacOS/libclh.dylib
0x0000000121718000 	/System/Library/Frameworks/OpenGL.framework/Resources//GLRendererFloat.bundle/GLRendererFloat
0x0000000002430000 	/System/Library/Frameworks/OpenCL.framework/Versions/A/Libraries/libcldcpuengine.dylib
0x0000000002430000 	/System/Library/PrivateFrameworks/DiskImages.framework/Versions/A/DiskImages
0x0000000002430000 	/System/Library/Frameworks/DiscRecording.framework/Versions/A/DiscRecording
0x0000000002430000 	/usr/lib/libcsfde.dylib
0x0000000002430000 	/usr/lib/libcurl.4.dylib
0x0000000002430000 	/System/Library/PrivateFrameworks/MediaKit.framework/Versions/A/MediaKit
0x0000000002430000 	/System/Library/PrivateFrameworks/ProtectedCloudStorage.framework/Versions/A/ProtectedCloudStorage
0x0000000002430000 	/usr/lib/libCoreStorage.dylib
0x0000000002430000 	/System/Library/PrivateFrameworks/EFILogin.framework/Versions/A/EFILogin
0x0000000002430000 	/usr/lib/libutil.dylib
0x0000000002430000 	/System/Library/PrivateFrameworks/FindMyDevice.framework/Versions/A/FindMyDevice
0x0000000002430000 	/System/Library/Frameworks/LDAP.framework/Versions/A/LDAP
0x0000000002430000 	/usr/lib/libsasl2.2.dylib
0x0000000002430000 	/System/Library/PrivateFrameworks/CoreDaemon.framework/Versions/B/CoreDaemon
0x0000000002430000 	/usr/lib/libcrypto.0.9.8.dylib
0x0000000002430000 	/System/Library/PrivateFrameworks/AppleSRP.framework/Versions/A/AppleSRP
0x0000000002430000 	/System/Library/PrivateFrameworks/TrustEvaluationAgent.framework/Versions/A/TrustEvaluationAgent
0x00000001219b2000 	/Library/Java/JavaVirtualMachines/jdk1.8.0_40.jdk/Contents/Home/jre/lib/libglass.dylib
0x0000000002430000 	/System/Library/PrivateFrameworks/CoreServicesInternal.framework/Versions/A/CoreServicesInternal
0x0000000002430000 	/System/Library/PrivateFrameworks/CloudDocs.framework/Versions/A/CloudDocs
0x0000000002430000 	/System/Library/PrivateFrameworks/CoreDuet.framework/Versions/A/CoreDuet
0x0000000002430000 	/System/Library/Frameworks/CloudKit.framework/Versions/A/CloudKit
0x0000000002430000 	/System/Library/PrivateFrameworks/ProtocolBuffer.framework/Versions/A/ProtocolBuffer
0x0000000002430000 	/System/Library/PrivateFrameworks/CoreDuetDaemonProtocol.framework/Versions/A/CoreDuetDaemonProtocol
0x0000000002430000 	/System/Library/PrivateFrameworks/CoreDuetDebugLogging.framework/Versions/A/CoreDuetDebugLogging
0x0000000002430000 	/System/Library/PrivateFrameworks/MMCS.framework/Versions/A/MMCS
0x0000000002430000 	/System/Library/Frameworks/CoreLocation.framework/Versions/A/CoreLocation
0x0000000002430000 	/System/Library/PrivateFrameworks/GeoServices.framework/Versions/A/GeoServices
0x0000000122fe0000 	/System/Library/Frameworks/CoreGraphics.framework/Versions/A/Resources/libCGCMS.A.dylib
0x0000000122fef000 	/System/Library/CoreServices/RawCamera.bundle/Contents/MacOS/RawCamera
0x00000001233eb000 	/System/Library/Frameworks/CoreGraphics.framework/Versions/A/Resources/libRIP.A.dylib
0x0000000002430000 	/System/Library/PrivateFrameworks/FamilyControls.framework/Versions/A/FamilyControls
0x0000000002430000 	/System/Library/PrivateFrameworks/CommerceKit.framework/Versions/A/Frameworks/CommerceCore.framework/Versions/A/CommerceCore
0x0000000002430000 	/System/Library/PrivateFrameworks/SystemAdministration.framework/Versions/A/SystemAdministration
0x0000000002430000 	/System/Library/PrivateFrameworks/AppContainer.framework/Versions/A/AppContainer
0x0000000002430000 	/System/Library/PrivateFrameworks/SecCodeWrapper.framework/Versions/A/SecCodeWrapper
0x0000000002430000 	/System/Library/Frameworks/DirectoryService.framework/Versions/A/DirectoryService
0x0000000002430000 	/System/Library/PrivateFrameworks/LoginUIKit.framework/Versions/A/Frameworks/LoginUICore.framework/Versions/A/LoginUICore
0x0000000002430000 	/usr/lib/libodfde.dylib
0x000000012577e000 	/Library/Java/JavaVirtualMachines/jdk1.8.0_40.jdk/Contents/Home/jre/lib/libmanagement.dylib
0x00000001236d1000 	/Library/Java/JavaVirtualMachines/jdk1.8.0_40.jdk/Contents/Home/jre/lib/libnet.dylib
0x000000012365c000 	/Library/Java/JavaVirtualMachines/jdk1.8.0_40.jdk/Contents/Home/jre/lib/libnio.dylib
0x00000001236b5000 	/System/Library/Frameworks/CoreGraphics.framework/Versions/A/Resources/libCGXType.A.dylib
0x0000000123522000 	cl_kernels
0x000000012925f000 	/System/Library/Frameworks/OpenCL.framework/Versions/A/Libraries/ImageFormats/unorm8_bgra.dylib
0x000000012366f000 	cl_kernels
0x00000001236be000 	/Library/Java/JavaVirtualMachines/jdk1.8.0_40.jdk/Contents/Home/jre/lib/libjavafx_font.dylib
0x000000012a789000 	/Library/Java/JavaVirtualMachines/jdk1.8.0_40.jdk/Contents/Home/jre/lib/libprism_common.dylib

VM Arguments:
jvm_args: -Dawt.toolkit=sun.lwawt.macosx.LWCToolkit -Dfile.encoding.pkg=sun.io -Dfile.separator=/ -Dftp.nonProxyHosts=local|*.local|169.254/16|*.169.254/16 -DgopherProxySet=false -Dhttp.keepAlive=true -Dhttp.nonProxyHosts=local|*.local|169.254/16|*.169.254/16 -Djava.awt.graphicsenv=sun.awt.CGraphicsEnvironment -Djava.awt.printerjob=sun.lwawt.macosx.CPrinterJob -Djava.class.version=52.0 -Djava.endorsed.dirs=/Library/Java/JavaVirtualMachines/jdk1.8.0_40.jdk/Contents/Home/jre/lib/endorsed -Djava.ext.dirs=/Users/fmelo/Library/Java/Extensions:/Library/Java/JavaVirtualMachines/jdk1.8.0_40.jdk/Contents/Home/jre/lib/ext:/Library/Java/Extensions:/Network/Library/Java/Extensions:/System/Library/Java/Extensions:/usr/lib/java -Djava.home=/Library/Java/JavaVirtualMachines/jdk1.8.0_40.jdk/Contents/Home/jre -Djava.io.tmpdir=/var/folders/x1/zcnyc3f93xxd6zr06vxwtdz40000gp/T/ -Djava.library.path=/Users/fmelo/Library/Java/Extensions:/Library/Java/Extensions:/Network/Library/Java/Extensions:/System/Library/Java/Extensions:/usr/lib/java:. -Djava.runtime.name=Java(TM) SE Runtime Environment -Djava.runtime.version=1.8.0_40-b27 -Djava.specification.name=Java Platform API Specification -Djava.specification.vendor=Oracle Corporation -Djava.specification.version=1.8 -Djava.vendor=Oracle Corporation -Djava.vendor.url=http://java.oracle.com/ -Djava.vendor.url.bug=http://bugreport.sun.com/bugreport/ -Djava.version=1.8.0_40 -Djava.vm.info=mixed mode -Djava.vm.name=Java HotSpot(TM) 64-Bit Server VM -Djava.vm.specification.name=Java Virtual Machine Specification -Djava.vm.specification.vendor=Oracle Corporation -Djava.vm.specification.version=1.8 -Djava.vm.vendor=Oracle Corporation -Djava.vm.version=25.40-b25 -Djna.platform.library.path=/usr/lib:/usr/lib -Dline.separator=
 -Dorg.gradle.appname=gradlew -Dos.arch=x86_64 -Dos.name=Mac OS X -Dos.version=10.10.3 -Dpath.separator=: -DsocksNonProxyHosts=local|*.local|169.254/16|*.169.254/16 -Dsun.arch.data.model=64 -Dsun.boot.class.path=/Library/Java/JavaVirtualMachines/jdk1.8.0_40.jdk/Contents/Home/jre/lib/resources.jar:/Library/Java/JavaVirtualMachines/jdk1.8.0_40.jdk/Contents/Home/jre/lib/rt.jar:/Library/Java/JavaVirtualMachines/jdk1.8.0_40.jdk/Contents/Home/jre/lib/sunrsasign.jar:/Library/Java/JavaVirtualMachines/jdk1.8.0_40.jdk/Contents/Home/jre/lib/jsse.jar:/Library/Java/JavaVirtualMachines/jdk1.8.0_40.jdk/Contents/Home/jre/lib/jce.jar:/Library/Java/JavaVirtualMachines/jdk1.8.0_40.jdk/Contents/Home/jre/lib/charsets.jar:/Library/Java/JavaVirtualMachines/jdk1.8.0_40.jdk/Contents/Home/jre/lib/jfr.jar:/Library/Java/JavaVirtualMachines/jdk1.8.0_40.jdk/Contents/Home/jre/classes -Dsun.boot.library.path=/Library/Java/JavaVirtualMachines/jdk1.8.0_40.jdk/Contents/Home/jre/lib -Dsun.cpu.endian=little -Dsun.cpu.isalist -Dsun.io.unicode.encoding=UnicodeBig -Dsun.jnu.encoding=UTF-8 -Dsun.management.compiler=HotSpot 64-Bit Tiered Compilers -Dsun.os.patch.level=unknown -Duser.dir=/Users/fmelo/FinanceStream-apachecon/JavaFXChart -Duser.home=/Users/fmelo -Duser.name=fmelo -Duser.timezone=America/Los_Angeles -XX:+UseConcMarkSweepGC -XX:+UseParNewGC -Xms1G -Xmx1G -Dfile.encoding=UTF-8 -Duser.country=US -Duser.language=en -Duser.variant 
java_command: FinanceUI
java_class_path (initial): /Users/fmelo/FinanceStream-apachecon/JavaFXChart/build/classes/main:/Users/fmelo/FinanceStream-apachecon/JavaFXChart/build/resources/main:/Users/fmelo/.gradle/caches/modules-2/files-2.1/com.gemstone.gemfire/gemfire/8.1.0/c26d23e99f374a1a0a6f64a9936e2dec14e5078f/gemfire-8.1.0.jar:/Users/fmelo/.gradle/caches/modules-2/files-2.1/com.fasterxml.jackson.core/jackson-databind/2.5.1/5e57baebad3898aca8a825adaf2be6fd189442f2/jackson-databind-2.5.1.jar:/Users/fmelo/.gradle/caches/modules-2/files-2.1/antlr/antlr/2.7.7/83cd2cd674a217ade95a4bb83a8a14f351f48bd0/antlr-2.7.7.jar:/Users/fmelo/.gradle/caches/modules-2/files-2.1/commons-io/commons-io/2.3/cd8d6ffc833cc63c30d712a180f4663d8f55799b/commons-io-2.3.jar:/Users/fmelo/.gradle/caches/modules-2/files-2.1/commons-logging/commons-logging/1.1.1/5043bfebc3db072ed80fbd362e7caf00e885d8ae/commons-logging-1.1.1.jar:/Users/fmelo/.gradle/caches/modules-2/files-2.1/org.apache.logging.log4j/log4j-api/2.1/588c32c91544d80cc706447aa2b8037230114931/log4j-api-2.1.jar:/Users/fmelo/.gradle/caches/modules-2/files-2.1/org.apache.logging.log4j/log4j-core/2.1/31823dcde108f2ea4a5801d1acc77869d7696533/log4j-core-2.1.jar:/Users/fmelo/.gradle/caches/modules-2/files-2.1/org.eclipse.jdt.core.compiler/ecj/3.7.2/56514211961611ef3302d6aa833a45eba61f680e/ecj-3.7.2.jar:/Users/fmelo/.gradle/caches/modules-2/files-2.1/net.sourceforge.jline/jline/1.0.S2-B/bcdfd4466c3317117e93b194b438e31f053e3016/jline-1.0.S2-B.jar:/Users/fmelo/.gradle/caches/modules-2/files-2.1/org.eclipse.jetty/jetty-webapp/9.2.3.v20140905/43095b0eaf3144044285594991bbb265e67d3664/jetty-webapp-9.2.3.v20140905.jar:/Users/fmelo/.gradle/caches/modules-2/files-2.1/org.fusesource.jansi/jansi/1.8/81da0c3980e30744184bec4706cf6f4508d3d7ea/jansi-1.8.jar:/Users/fmelo/.gradle/caches/modules-2/files-2.1/org.xerial.snappy/snappy-java/1.0.4.1/f88b89a5a21a466aeb0ecf0c063605bd584b4947/snappy-java-1.0.4.1.jar:/Users/fmelo/.gradle/caches/modules-2/files-2.1/org.springframework.shell/sprin
Launcher Type: SUN_STANDARD

Environment Variables:
JAVA_HOME=/Library/Java/JavaVirtualMachines/jdk1.8.0_40.jdk/Contents/Home
PATH=/Library/Java/JavaVirtualMachines/jdk1.8.0_40.jdk/Contents/Home/bin:/usr/local/bin:/usr/bin:/bin:/usr/sbin:/sbin:/usr/local/git/bin:/usr/local/go/bin:/Users/fmelo/ec2-api-tools-1.7.3.0/bin:/Users/fmelo/gemfire/bin:/Users/fmelo/spring-xd/xd/bin:/Users/fmelo/spring-xd/shell/bin
SHELL=/bin/bash

Signal Handlers:
SIGSEGV: [libjvm.dylib+0x58ef95], sa_mask[0]=11111111011111110111111111111111, sa_flags=SA_ONSTACK|SA_RESTART|SA_SIGINFO
SIGBUS: [libjvm.dylib+0x58ef95], sa_mask[0]=11111111011111110111111111111111, sa_flags=SA_RESTART|SA_SIGINFO
SIGFPE: [libjvm.dylib+0x46c118], sa_mask[0]=11111111011111110111111111111111, sa_flags=SA_RESTART|SA_SIGINFO
SIGPIPE: [libjvm.dylib+0x46c118], sa_mask[0]=11111111011111110111111111111111, sa_flags=SA_RESTART|SA_SIGINFO
SIGXFSZ: [libjvm.dylib+0x46c118], sa_mask[0]=11111111011111110111111111111111, sa_flags=SA_RESTART|SA_SIGINFO
SIGILL: [libjvm.dylib+0x46c118], sa_mask[0]=11111111011111110111111111111111, sa_flags=SA_RESTART|SA_SIGINFO
SIGUSR1: SIG_DFL, sa_mask[0]=11011111011111100000000111000110, sa_flags=none
SIGUSR2: [libjvm.dylib+0x46bc36], sa_mask[0]=00100000000000000000000000000000, sa_flags=SA_RESTART|SA_SIGINFO
SIGHUP: [libjvm.dylib+0x46a209], sa_mask[0]=11111111011111110111111111111111, sa_flags=SA_RESTART|SA_SIGINFO
SIGINT: [libjvm.dylib+0x46a209], sa_mask[0]=11111111011111110111111111111111, sa_flags=SA_RESTART|SA_SIGINFO
SIGTERM: [libjvm.dylib+0x46a209], sa_mask[0]=11111111011111110111111111111111, sa_flags=SA_RESTART|SA_SIGINFO
SIGQUIT: [libjvm.dylib+0x46a209], sa_mask[0]=11111111011111110111111111111111, sa_flags=SA_RESTART|SA_SIGINFO


---------------  S Y S T E M  ---------------

OS:Bsduname:Darwin 14.3.0 Darwin Kernel Version 14.3.0: Mon Mar 23 11:59:05 PDT 2015; root:xnu-2782.20.48~5/RELEASE_X86_64 x86_64
rlimit: STACK 8192k, CORE 0k, NPROC 709, NOFILE 10240, AS infinity
load average:2.12 1.86 1.68

CPU:total 8 (4 cores per cpu, 2 threads per core) family 6 model 70 stepping 1, cmov, cx8, fxsr, mmx, sse, sse2, sse3, ssse3, sse4.1, sse4.2, popcnt, avx, avx2, aes, clmul, erms, rtm, lzcnt, ht, tsc, tscinvbit, bmi1, bmi2

Memory: 4k page, physical 16777216k(1171908k free)

/proc/meminfo:


vm_info: Java HotSpot(TM) 64-Bit Server VM (25.40-b25) for bsd-amd64 JRE (1.8.0_40-b27), built on Mar 13 2015 04:46:52 by "java_re" with gcc 4.2.1 (Based on Apple Inc. build 5658) (LLVM build 2336.11.00)

time: Tue May 12 19:13:39 2015
elapsed time: 112 seconds (0d 0h 1m 52s)

